[2024-02-21 04:59:20,985] multiqc                                            [DEBUG  ]  This is MultiQC v1.17
[2024-02-21 04:59:20,986] multiqc                                            [DEBUG  ]  Command used: /home/sounkou/micromamba/envs/FastqToDiagnostics/bin/multiqc -f .
[2024-02-21 04:59:21,917] multiqc                                            [DEBUG  ]  Could not connect to multiqc.info for version check: module 'packaging.version' has no attribute 'StrictVersion'
[2024-02-21 04:59:21,918] multiqc                                            [DEBUG  ]  Working dir : /home/sounkou/Projects/FastqToDiagnostics/results
[2024-02-21 04:59:21,918] multiqc                                            [DEBUG  ]  Template    : default
[2024-02-21 04:59:21,918] multiqc                                            [DEBUG  ]  Running Python 3.11.8 | packaged by conda-forge | (main, Feb 16 2024, 20:53:32) [GCC 12.3.0]
[2024-02-21 04:59:21,919] multiqc                                            [DEBUG  ]  Analysing modules: custom_content, ccs, ngsderive, purple, conpair, lima, peddy, somalier, methylQA, mosdepth, phantompeakqualtools, qualimap, preseq, hifiasm, quast, qorts, rna_seqc, rockhopper, rsem, rseqc, busco, bustools, goleft_indexcov, gffcompare, disambiguate, supernova, deeptools, sargasso, verifybamid, mirtrace, happy, mirtop, sambamba, gopeaks, homer, hops, macs2, theta2, snpeff, gatk, htseq, bcftools, featureCounts, fgbio, dragen, dragen_fastqc, dedup, pbmarkdup, damageprofiler, mapdamage, biobambam2, jcvi, mtnucratio, picard, vep, sentieon, bakta, prokka, qc3C, nanostat, samblaster, samtools, sexdeterrmine, eigenstratdatabasetools, bamtools, jellyfish, vcftools, longranger, stacks, varscan2, snippy, umitools, truvari, bbmap, bismark, biscuit, diamond, hicexplorer, hicup, hicpro, salmon, kallisto, slamdunk, star, hisat2, tophat, bowtie2, bowtie1, cellranger, snpsplit, odgi, pangolin, nextclade, freyja, humid, kat, leehom, librarian, adapterRemoval, bbduk, clipandmerge, cutadapt, flexbar, sourmash, kaiju, bracken, kraken, malt, motus, trimmomatic, sickle, skewer, sortmerna, biobloomtools, fastq_screen, afterqc, fastp, fastqc, filtlong, prinseqplusplus, pychopper, porechop, pycoqc, minionqc, anglerfish, multivcfanalyzer, clusterflow, checkqc, bcl2fastq, bclconvert, interop, ivar, flash, seqyclean, optitype, whatshap
[2024-02-21 04:59:21,920] multiqc                                            [DEBUG  ]  Using temporary directory for creating report: /tmp/tmp_lfg354v
[2024-02-21 04:59:21,921] multiqc                                            [INFO   ]  Search path : /home/sounkou/Projects/FastqToDiagnostics/results
[2024-02-21 04:59:22,015] multiqc                                            [DEBUG  ]  Summary of files that were skipped by the search: [skipped_file_contents_search_errors: 350] // [skipped_module_specific_max_filesize: 82] // [skipped_no_match: 25] // [skipped_ignore_pattern: 8] // [skipped_filesize_limit: 1] // [skipped_directory_fn_ignore_dirs: 1]
[2024-02-21 04:59:22,354] multiqc.plots.bargraph                             [DEBUG  ]  Using matplotlib version 3.8.3
[2024-02-21 04:59:22,354] multiqc.plots.linegraph                            [DEBUG  ]  Using matplotlib version 3.8.3
[2024-02-21 04:59:22,355] multiqc                                            [DEBUG  ]  No samples found: custom_content
[2024-02-21 04:59:22,363] multiqc.modules.mosdepth.mosdepth                  [INFO   ]  Found reports for 1 samples
[2024-02-21 04:59:22,373] multiqc.modules.mosdepth.mosdepth                  [DEBUG  ]  Using default coverage thresholds: 1, 5, 10, 30, 50
[2024-02-21 04:59:22,379] multiqc.modules.bcftools.bcftools                  [INFO   ]  Found 1 stats reports
[2024-02-21 04:59:22,386] multiqc.modules.picard.picard                      [INFO   ]  Found 1 AlignmentSummaryMetrics reports
[2024-02-21 04:59:22,389] multiqc.modules.picard.picard                      [INFO   ]  Found 1 MarkDuplicates reports
[2024-02-21 04:59:22,400] multiqc.modules.samtools.samtools                  [INFO   ]  Found 1 stats reports
[2024-02-21 04:59:22,404] multiqc.modules.fastp.fastp                        [DEBUG  ]  No duplication rate plot data: NIST7035_TAAGGCGA_L001_fastp.json
[2024-02-21 04:59:22,405] multiqc.modules.fastp.fastp                        [INFO   ]  Found 1 reports
[2024-02-21 04:59:22,412] multiqc.utils.software_versions                    [DEBUG  ]  Reading software versions from config.software_versions
[2024-02-21 04:59:22,421] multiqc                                            [DEBUG  ]  Compressing plot data
[2024-02-21 04:59:22,504] multiqc                                            [INFO   ]  Report      : multiqc_report.html   (overwritten)
[2024-02-21 04:59:22,504] multiqc                                            [INFO   ]  Data        : multiqc_data   (overwritten)
[2024-02-21 04:59:22,504] multiqc                                            [DEBUG  ]  Moving data file from '/tmp/tmp_lfg354v/multiqc_data' to '/home/sounkou/Projects/FastqToDiagnostics/results/multiqc_data'
[2024-02-21 04:59:22,508] multiqc                                            [DEBUG  ]  Full report path: /home/sounkou/Projects/FastqToDiagnostics/results/multiqc_report.html
[2024-02-21 04:59:22,601] multiqc                                            [INFO   ]  MultiQC complete
